0 info it worked if it ends with ok
1 verbose cli [ 'C:\\Program Files (x86)\\nodejs\\node.exe',
1 verbose cli   'C:\\Program Files (x86)\\nodejs\\node_modules\\npm\\bin\\npm-cli.js',
1 verbose cli   'install' ]
2 info using npm@2.14.7
3 info using node@v4.2.3
4 verbose readDependencies loading dependencies from C:\Users\250199\Documents\GitHub\WebstormProjects\angular-phonecat-master\package.json
5 verbose install where, deps [ 'C:\\Users\\250199\\Documents\\GitHub\\WebstormProjects\\angular-phonecat-master',
5 verbose install   [ 'karma',
5 verbose install     'karma-chrome-launcher',
5 verbose install     'karma-firefox-launcher',
5 verbose install     'karma-jasmine',
5 verbose install     'protractor',
5 verbose install     'http-server',
5 verbose install     'tmp',
5 verbose install     'bower',
5 verbose install     'shelljs' ] ]
6 verbose install where, peers [ 'C:\\Users\\250199\\Documents\\GitHub\\WebstormProjects\\angular-phonecat-master',
6 verbose install   [] ]
7 verbose installManyTop reading for lifecycle C:\Users\250199\Documents\GitHub\WebstormProjects\angular-phonecat-master\package.json
8 info preinstall angular-phonecat@0.0.0
9 verbose readDependencies loading dependencies from C:\Users\250199\Documents\GitHub\WebstormProjects\angular-phonecat-master\package.json
10 silly cache add args [ 'karma@^0.12.16', null ]
11 verbose cache add spec karma@^0.12.16
12 silly cache add args [ 'karma-chrome-launcher@^0.1.4', null ]
13 verbose cache add spec karma-chrome-launcher@^0.1.4
14 silly cache add parsed spec Result {
14 silly cache add   raw: 'karma@^0.12.16',
14 silly cache add   scope: null,
14 silly cache add   name: 'karma',
14 silly cache add   rawSpec: '^0.12.16',
14 silly cache add   spec: '>=0.12.16 <0.13.0',
14 silly cache add   type: 'range' }
15 silly addNamed karma@>=0.12.16 <0.13.0
16 verbose addNamed ">=0.12.16 <0.13.0" is a valid semver range for karma
17 silly addNameRange { name: 'karma', range: '>=0.12.16 <0.13.0', hasData: false }
18 silly mapToRegistry name karma
19 silly mapToRegistry using default registry
20 silly mapToRegistry registry https://registry.npmjs.org/
21 silly mapToRegistry uri https://registry.npmjs.org/karma
22 verbose addNameRange registry:https://registry.npmjs.org/karma not in flight; fetching
23 silly cache add parsed spec Result {
23 silly cache add   raw: 'karma-chrome-launcher@^0.1.4',
23 silly cache add   scope: null,
23 silly cache add   name: 'karma-chrome-launcher',
23 silly cache add   rawSpec: '^0.1.4',
23 silly cache add   spec: '>=0.1.4 <0.2.0',
23 silly cache add   type: 'range' }
24 silly addNamed karma-chrome-launcher@>=0.1.4 <0.2.0
25 verbose addNamed ">=0.1.4 <0.2.0" is a valid semver range for karma-chrome-launcher
26 silly addNameRange { name: 'karma-chrome-launcher',
26 silly addNameRange   range: '>=0.1.4 <0.2.0',
26 silly addNameRange   hasData: false }
27 silly mapToRegistry name karma-chrome-launcher
28 silly mapToRegistry using default registry
29 silly mapToRegistry registry https://registry.npmjs.org/
30 silly mapToRegistry uri https://registry.npmjs.org/karma-chrome-launcher
31 verbose addNameRange registry:https://registry.npmjs.org/karma-chrome-launcher not in flight; fetching
32 silly cache add args [ 'karma-firefox-launcher@^0.1.3', null ]
33 verbose cache add spec karma-firefox-launcher@^0.1.3
34 silly cache add parsed spec Result {
34 silly cache add   raw: 'karma-firefox-launcher@^0.1.3',
34 silly cache add   scope: null,
34 silly cache add   name: 'karma-firefox-launcher',
34 silly cache add   rawSpec: '^0.1.3',
34 silly cache add   spec: '>=0.1.3 <0.2.0',
34 silly cache add   type: 'range' }
35 silly addNamed karma-firefox-launcher@>=0.1.3 <0.2.0
36 verbose addNamed ">=0.1.3 <0.2.0" is a valid semver range for karma-firefox-launcher
37 silly addNameRange { name: 'karma-firefox-launcher',
37 silly addNameRange   range: '>=0.1.3 <0.2.0',
37 silly addNameRange   hasData: false }
38 silly mapToRegistry name karma-firefox-launcher
39 silly mapToRegistry using default registry
40 silly mapToRegistry registry https://registry.npmjs.org/
41 silly mapToRegistry uri https://registry.npmjs.org/karma-firefox-launcher
42 verbose addNameRange registry:https://registry.npmjs.org/karma-firefox-launcher not in flight; fetching
43 silly cache add args [ 'karma-jasmine@~0.1.0', null ]
44 verbose cache add spec karma-jasmine@~0.1.0
45 silly cache add parsed spec Result {
45 silly cache add   raw: 'karma-jasmine@~0.1.0',
45 silly cache add   scope: null,
45 silly cache add   name: 'karma-jasmine',
45 silly cache add   rawSpec: '~0.1.0',
45 silly cache add   spec: '>=0.1.0 <0.2.0',
45 silly cache add   type: 'range' }
46 silly addNamed karma-jasmine@>=0.1.0 <0.2.0
47 verbose addNamed ">=0.1.0 <0.2.0" is a valid semver range for karma-jasmine
48 silly addNameRange { name: 'karma-jasmine',
48 silly addNameRange   range: '>=0.1.0 <0.2.0',
48 silly addNameRange   hasData: false }
49 silly mapToRegistry name karma-jasmine
50 silly mapToRegistry using default registry
51 silly mapToRegistry registry https://registry.npmjs.org/
52 silly mapToRegistry uri https://registry.npmjs.org/karma-jasmine
53 verbose addNameRange registry:https://registry.npmjs.org/karma-jasmine not in flight; fetching
54 silly cache add args [ 'protractor@^2.1.0', null ]
55 verbose cache add spec protractor@^2.1.0
56 silly cache add parsed spec Result {
56 silly cache add   raw: 'protractor@^2.1.0',
56 silly cache add   scope: null,
56 silly cache add   name: 'protractor',
56 silly cache add   rawSpec: '^2.1.0',
56 silly cache add   spec: '>=2.1.0 <3.0.0',
56 silly cache add   type: 'range' }
57 silly addNamed protractor@>=2.1.0 <3.0.0
58 verbose addNamed ">=2.1.0 <3.0.0" is a valid semver range for protractor
59 silly addNameRange { name: 'protractor', range: '>=2.1.0 <3.0.0', hasData: false }
60 silly mapToRegistry name protractor
61 silly mapToRegistry using default registry
62 silly mapToRegistry registry https://registry.npmjs.org/
63 silly mapToRegistry uri https://registry.npmjs.org/protractor
64 verbose addNameRange registry:https://registry.npmjs.org/protractor not in flight; fetching
65 silly cache add args [ 'http-server@^0.6.1', null ]
66 verbose cache add spec http-server@^0.6.1
67 silly cache add parsed spec Result {
67 silly cache add   raw: 'http-server@^0.6.1',
67 silly cache add   scope: null,
67 silly cache add   name: 'http-server',
67 silly cache add   rawSpec: '^0.6.1',
67 silly cache add   spec: '>=0.6.1 <0.7.0',
67 silly cache add   type: 'range' }
68 silly addNamed http-server@>=0.6.1 <0.7.0
69 verbose addNamed ">=0.6.1 <0.7.0" is a valid semver range for http-server
70 silly addNameRange { name: 'http-server', range: '>=0.6.1 <0.7.0', hasData: false }
71 silly mapToRegistry name http-server
72 silly mapToRegistry using default registry
73 silly mapToRegistry registry https://registry.npmjs.org/
74 silly mapToRegistry uri https://registry.npmjs.org/http-server
75 verbose addNameRange registry:https://registry.npmjs.org/http-server not in flight; fetching
76 silly cache add args [ 'tmp@0.0.23', null ]
77 verbose cache add spec tmp@0.0.23
78 silly cache add parsed spec Result {
78 silly cache add   raw: 'tmp@0.0.23',
78 silly cache add   scope: null,
78 silly cache add   name: 'tmp',
78 silly cache add   rawSpec: '0.0.23',
78 silly cache add   spec: '0.0.23',
78 silly cache add   type: 'version' }
79 silly addNamed tmp@0.0.23
80 verbose addNamed "0.0.23" is a plain semver version for tmp
81 silly mapToRegistry name tmp
82 silly mapToRegistry using default registry
83 silly mapToRegistry registry https://registry.npmjs.org/
84 silly mapToRegistry uri https://registry.npmjs.org/tmp
85 verbose addNameVersion registry:https://registry.npmjs.org/tmp not in flight; fetching
86 silly cache add args [ 'bower@^1.3.1', null ]
87 verbose cache add spec bower@^1.3.1
88 silly cache add parsed spec Result {
88 silly cache add   raw: 'bower@^1.3.1',
88 silly cache add   scope: null,
88 silly cache add   name: 'bower',
88 silly cache add   rawSpec: '^1.3.1',
88 silly cache add   spec: '>=1.3.1 <2.0.0',
88 silly cache add   type: 'range' }
89 silly addNamed bower@>=1.3.1 <2.0.0
90 verbose addNamed ">=1.3.1 <2.0.0" is a valid semver range for bower
91 silly addNameRange { name: 'bower', range: '>=1.3.1 <2.0.0', hasData: false }
92 silly mapToRegistry name bower
93 silly mapToRegistry using default registry
94 silly mapToRegistry registry https://registry.npmjs.org/
95 silly mapToRegistry uri https://registry.npmjs.org/bower
96 verbose addNameRange registry:https://registry.npmjs.org/bower not in flight; fetching
97 silly cache add args [ 'shelljs@^0.2.6', null ]
98 verbose cache add spec shelljs@^0.2.6
99 silly cache add parsed spec Result {
99 silly cache add   raw: 'shelljs@^0.2.6',
99 silly cache add   scope: null,
99 silly cache add   name: 'shelljs',
99 silly cache add   rawSpec: '^0.2.6',
99 silly cache add   spec: '>=0.2.6 <0.3.0',
99 silly cache add   type: 'range' }
100 silly addNamed shelljs@>=0.2.6 <0.3.0
101 verbose addNamed ">=0.2.6 <0.3.0" is a valid semver range for shelljs
102 silly addNameRange { name: 'shelljs', range: '>=0.2.6 <0.3.0', hasData: false }
103 silly mapToRegistry name shelljs
104 silly mapToRegistry using default registry
105 silly mapToRegistry registry https://registry.npmjs.org/
106 silly mapToRegistry uri https://registry.npmjs.org/shelljs
107 verbose addNameRange registry:https://registry.npmjs.org/shelljs not in flight; fetching
108 verbose request uri https://registry.npmjs.org/karma
109 verbose request no auth needed
110 info attempt registry request try #1 at 3:22:24 PM
111 verbose request id 819de12145cb8324
112 http request GET https://registry.npmjs.org/karma
113 verbose request uri https://registry.npmjs.org/protractor
114 verbose request no auth needed
115 info attempt registry request try #1 at 3:22:24 PM
116 http request GET https://registry.npmjs.org/protractor
117 verbose request uri https://registry.npmjs.org/http-server
118 verbose request no auth needed
119 info attempt registry request try #1 at 3:22:24 PM
120 http request GET https://registry.npmjs.org/http-server
121 verbose request uri https://registry.npmjs.org/tmp
122 verbose request no auth needed
123 info attempt registry request try #1 at 3:22:24 PM
124 http request GET https://registry.npmjs.org/tmp
125 verbose request uri https://registry.npmjs.org/bower
126 verbose request no auth needed
127 info attempt registry request try #1 at 3:22:24 PM
128 http request GET https://registry.npmjs.org/bower
129 verbose request uri https://registry.npmjs.org/shelljs
130 verbose request no auth needed
131 info attempt registry request try #1 at 3:22:24 PM
132 http request GET https://registry.npmjs.org/shelljs
133 verbose request uri https://registry.npmjs.org/karma-jasmine
134 verbose request no auth needed
135 info attempt registry request try #1 at 3:22:24 PM
136 http request GET https://registry.npmjs.org/karma-jasmine
137 verbose request uri https://registry.npmjs.org/karma-chrome-launcher
138 verbose request no auth needed
139 info attempt registry request try #1 at 3:22:24 PM
140 http request GET https://registry.npmjs.org/karma-chrome-launcher
141 verbose request uri https://registry.npmjs.org/karma-firefox-launcher
142 verbose request no auth needed
143 info attempt registry request try #1 at 3:22:24 PM
144 http request GET https://registry.npmjs.org/karma-firefox-launcher
145 info retry will retry, error on last attempt: Error: getaddrinfo EAI_AGAIN registry.npmjs.org:443
146 info retry will retry, error on last attempt: Error: getaddrinfo EAI_AGAIN registry.npmjs.org:443
147 info retry will retry, error on last attempt: Error: getaddrinfo EAI_AGAIN registry.npmjs.org:443
148 info retry will retry, error on last attempt: Error: getaddrinfo EAI_AGAIN registry.npmjs.org:443
149 info attempt registry request try #2 at 3:22:46 PM
150 http request GET https://registry.npmjs.org/karma
151 info attempt registry request try #2 at 3:22:46 PM
152 http request GET https://registry.npmjs.org/protractor
153 info attempt registry request try #2 at 3:22:46 PM
154 http request GET https://registry.npmjs.org/tmp
155 info attempt registry request try #2 at 3:22:46 PM
156 http request GET https://registry.npmjs.org/http-server
157 info retry will retry, error on last attempt: Error: getaddrinfo EAI_AGAIN registry.npmjs.org:443
158 info retry will retry, error on last attempt: Error: getaddrinfo EAI_AGAIN registry.npmjs.org:443
159 info retry will retry, error on last attempt: Error: getaddrinfo EAI_AGAIN registry.npmjs.org:443
160 info retry will retry, error on last attempt: Error: getaddrinfo EAI_AGAIN registry.npmjs.org:443
161 info attempt registry request try #2 at 3:22:58 PM
162 http request GET https://registry.npmjs.org/bower
163 info attempt registry request try #2 at 3:22:58 PM
164 http request GET https://registry.npmjs.org/shelljs
165 info attempt registry request try #2 at 3:22:58 PM
166 http request GET https://registry.npmjs.org/karma-jasmine
167 info attempt registry request try #2 at 3:22:58 PM
168 http request GET https://registry.npmjs.org/karma-chrome-launcher
169 info retry will retry, error on last attempt: Error: getaddrinfo EAI_AGAIN registry.npmjs.org:443
170 info retry will retry, error on last attempt: Error: getaddrinfo EAI_AGAIN registry.npmjs.org:443
171 info retry will retry, error on last attempt: Error: getaddrinfo EAI_AGAIN registry.npmjs.org:443
172 info retry will retry, error on last attempt: Error: getaddrinfo EAI_AGAIN registry.npmjs.org:443
173 info attempt registry request try #2 at 3:23:10 PM
174 http request GET https://registry.npmjs.org/karma-firefox-launcher
175 info retry will retry, error on last attempt: Error: getaddrinfo EAI_AGAIN registry.npmjs.org:443
176 info retry will retry, error on last attempt: Error: getaddrinfo EAI_AGAIN registry.npmjs.org:443
177 info retry will retry, error on last attempt: Error: getaddrinfo EAI_AGAIN registry.npmjs.org:443
178 info retry will retry, error on last attempt: Error: getaddrinfo EAI_AGAIN registry.npmjs.org:443
179 info retry will retry, error on last attempt: Error: getaddrinfo EAI_AGAIN registry.npmjs.org:443
180 info retry will retry, error on last attempt: Error: getaddrinfo EAI_AGAIN registry.npmjs.org:443
181 info attempt registry request try #3 at 3:24:00 PM
182 http request GET https://registry.npmjs.org/protractor
183 info attempt registry request try #3 at 3:24:00 PM
184 http request GET https://registry.npmjs.org/karma
185 info attempt registry request try #3 at 3:24:00 PM
186 http request GET https://registry.npmjs.org/tmp
187 info attempt registry request try #3 at 3:24:12 PM
188 http request GET https://registry.npmjs.org/http-server
189 info attempt registry request try #3 at 3:24:12 PM
190 http request GET https://registry.npmjs.org/bower
191 info attempt registry request try #3 at 3:24:12 PM
192 http request GET https://registry.npmjs.org/shelljs
193 info attempt registry request try #3 at 3:24:12 PM
194 http request GET https://registry.npmjs.org/karma-jasmine
195 info attempt registry request try #3 at 3:24:24 PM
196 http request GET https://registry.npmjs.org/karma-chrome-launcher
197 info attempt registry request try #3 at 3:24:24 PM
198 http request GET https://registry.npmjs.org/karma-firefox-launcher
199 verbose stack Error: getaddrinfo EAI_AGAIN registry.npmjs.org:443
199 verbose stack     at Object.exports._errnoException (util.js:874:11)
199 verbose stack     at errnoException (dns.js:31:15)
199 verbose stack     at GetAddrInfoReqWrap.onlookup [as oncomplete] (dns.js:77:26)
200 verbose cwd C:\Users\250199\Documents\GitHub\WebstormProjects\angular-phonecat-master
201 error Windows_NT 6.1.7601
202 error argv "C:\\Program Files (x86)\\nodejs\\node.exe" "C:\\Program Files (x86)\\nodejs\\node_modules\\npm\\bin\\npm-cli.js" "install"
203 error node v4.2.3
204 error npm  v2.14.7
205 error code EAI_AGAIN
206 error errno EAI_AGAIN
207 error syscall getaddrinfo
208 error getaddrinfo EAI_AGAIN registry.npmjs.org:443
209 error If you need help, you may report this error at:
209 error     <https://github.com/npm/npm/issues>
210 verbose exit [ 1, true ]
